Log file open, 06/29/18 01:06:12
LogWindows: Failed to load 'aqProf.dll' (GetLastError=126)
LogWindows: File 'aqProf.dll' does not exist
LogWindows: Failed to load 'VtuneApi.dll' (GetLastError=126)
LogWindows: File 'VtuneApi.dll' does not exist
LogWindows: Failed to load 'VtuneApi32e.dll' (GetLastError=126)
LogWindows: File 'VtuneApi32e.dll' does not exist
LogInit: Display: Running engine for game: ProjectT
LogPlatformFile: Not using cached read wrapper
LogInit: Display: RandInit(1885708617) SRandInit(1885708617).
LogInit: Read version file with build ID '3944462'
LogInit: Overriding engine version to CL 4033788, compatible CL 3944462
LogInit: Registered custom module enumerator with build ID '3944462'
LogTaskGraph: Started task graph with 5 named threads and 11 total threads with 3 sets of task threads.
LogStats: Stats thread started at 0.177842
LogD3D11RHI: Aftermath initialized
LogICUInternationalization: Display: ICU TimeZone Detection - Raw Offset: +9:00, Platform Override: ''
LogModuleManager: Display: Found up-to-date module file ../../../Engine/Plugins/2D/Paper2D/Binaries/Win64/UE4Editor-Paper2D.dll (API version 3944462).
LogModuleManager: Display: Found up-to-date module file ../../../Engine/Plugins/2D/Paper2D/Binaries/Win64/UE4Editor-Paper2DEditor.dll (API version 3944462).
LogModuleManager: Display: Found up-to-date module file ../../../Engine/Plugins/2D/Paper2D/Binaries/Win64/UE4Editor-PaperSpriteSheetImporter.dll (API version 3944462).
LogModuleManager: Display: Found up-to-date module file ../../../Engine/Plugins/2D/Paper2D/Binaries/Win64/UE4Editor-PaperTiledImporter.dll (API version 3944462).
LogModuleManager: Display: Found up-to-date module file ../../../Engine/Plugins/2D/Paper2D/Binaries/Win64/UE4Editor-SmartSnapping.dll (API version 3944462).
LogModuleManager: Display: Found up-to-date module file ../../../Engine/Plugins/Blendables/LightPropagationVolume/Binaries/Win64/UE4Editor-LightPropagationVolumeRuntime.dll (API version 3944462).
LogModuleManager: Display: Found up-to-date module file ../../../Engine/Plugins/Blendables/LightPropagationVolume/Binaries/Win64/UE4Editor-LightPropagationVolumeEditor.dll (API version 3944462).
LogModuleManager: Display: Found up-to-date module file ../../../Engine/Plugins/Developer/CLionSourceCodeAccess/Binaries/Win64/UE4Editor-CLionSourceCodeAccess.dll (API version 3944462).
LogModuleManager: Display: Found up-to-date module file ../../../Engine/Plugins/Developer/GitSourceControl/Binaries/Win64/UE4Editor-GitSourceControl.dll (API version 3944462).
LogModuleManager: Display: Found up-to-date module file ../../../Engine/Plugins/Developer/PerforceSourceControl/Binaries/Win64/UE4Editor-PerforceSourceControl.dll (API version 3944462).
LogModuleManager: Display: Found up-to-date module file ../../../Engine/Plugins/Developer/SubversionSourceControl/Binaries/Win64/UE4Editor-SubversionSourceControl.dll (API version 3944462).
LogModuleManager: Display: Found up-to-date module file ../../../Engine/Plugins/Developer/UObjectPlugin/Binaries/Win64/UE4Editor-UObjectPlugin.dll (API version 3944462).
LogModuleManager: Display: Found up-to-date module file ../../../Engine/Plugins/Developer/VisualStudioCodeSourceCodeAccess/Binaries/Win64/UE4Editor-VisualStudioCodeSourceCodeAccess.dll (API version 3944462).
LogModuleManager: Display: Found up-to-date module file ../../../Engine/Plugins/Developer/VisualStudioSourceCodeAccess/Binaries/Win64/UE4Editor-VisualStudioSourceCodeAccess.dll (API version 3944462).
LogModuleManager: Display: Found up-to-date module file ../../../Engine/Plugins/Editor/AssetManagerEditor/Binaries/Win64/UE4Editor-AssetManagerEditor.dll (API version 3944462).
LogModuleManager: Display: Found up-to-date module file ../../../Engine/Plugins/Editor/CryptoKeys/Binaries/Win64/UE4Editor-CryptoKeys.dll (API version 3944462).
LogModuleManager: Display: Found up-to-date module file ../../../Engine/Plugins/Editor/CryptoKeys/Binaries/Win64/UE4Editor-CryptoKeysOpenSSL.dll (API version 3944462).
LogModuleManager: Display: Found up-to-date module file ../../../Engine/Plugins/Editor/DataValidation/Binaries/Win64/UE4Editor-DataValidation.dll (API version 3944462).
LogModuleManager: Display: Found up-to-date module file ../../../Engine/Plugins/Editor/FacialAnimation/Binaries/Win64/UE4Editor-FacialAnimation.dll (API version 3944462).
LogModuleManager: Display: Found up-to-date module file ../../../Engine/Plugins/Editor/FacialAnimation/Binaries/Win64/UE4Editor-FacialAnimationEditor.dll (API version 3944462).
LogModuleManager: Display: Found up-to-date module file ../../../Engine/Plugins/Editor/GameplayTagsEditor/Binaries/Win64/UE4Editor-GameplayTagsEditor.dll (API version 3944462).
LogModuleManager: Display: Found up-to-date module file ../../../Engine/Plugins/Editor/MobileLauncherProfileWizard/Binaries/Win64/UE4Editor-MobileLauncherProfileWizard.dll (API version 3944462).
LogModuleManager: Display: Found up-to-date module file ../../../Engine/Plugins/Editor/PluginBrowser/Binaries/Win64/UE4Editor-PluginBrowser.dll (API version 3944462).
LogModuleManager: Display: Found up-to-date module file ../../../Engine/Plugins/Editor/SpeedTreeImporter/Binaries/Win64/UE4Editor-SpeedTreeImporter.dll (API version 3944462).
LogModuleManager: Display: Found up-to-date module file ../../../Engine/Plugins/Enterprise/DatasmithContent/Binaries/Win64/UE4Editor-DatasmithContent.dll (API version 3944462).
LogModuleManager: Display: Found up-to-date module file ../../../Engine/Plugins/Experimental/AlembicImporter/Binaries/Win64/UE4Editor-AlembicImporter.dll (API version 3944462).
LogModuleManager: Display: Found up-to-date module file ../../../Engine/Plugins/Experimental/AlembicImporter/Binaries/Win64/UE4Editor-AlembicLibrary.dll (API version 3944462).
LogModuleManager: Display: Found up-to-date module file ../../../Engine/Plugins/Experimental/CharacterAI/Binaries/Win64/UE4Editor-CharacterAI.dll (API version 3944462).
LogModuleManager: Display: Found up-to-date module file ../../../Engine/Plugins/Experimental/HTML5Networking/Binaries/Win64/UE4Editor-HTML5Networking.dll (API version 3944462).
LogModuleManager: Display: Found up-to-date module file ../../../Engine/Plugins/Media/AndroidMedia/Binaries/Win64/UE4Editor-AndroidMediaEditor.dll (API version 3944462).
LogModuleManager: Display: Found up-to-date module file ../../../Engine/Plugins/Media/AndroidMedia/Binaries/Win64/UE4Editor-AndroidMediaFactory.dll (API version 3944462).
LogModuleManager: Display: Found up-to-date module file ../../../Engine/Plugins/Media/AvfMedia/Binaries/Win64/UE4Editor-AvfMediaEditor.dll (API version 3944462).
LogModuleManager: Display: Found up-to-date module file ../../../Engine/Plugins/Media/AvfMedia/Binaries/Win64/UE4Editor-AvfMediaFactory.dll (API version 3944462).
LogModuleManager: Display: Found up-to-date module file ../../../Engine/Plugins/Media/AvfMedia/Binaries/Win64/UE4Editor-AvfMediaFactory.dll (API version 3944462).
LogModuleManager: Display: Found up-to-date module file ../../../Engine/Plugins/Media/ImgMedia/Binaries/Win64/UE4Editor-ImgMedia.dll (API version 3944462).
LogModuleManager: Display: Found up-to-date module file ../../../Engine/Plugins/Media/ImgMedia/Binaries/Win64/UE4Editor-ImgMediaEditor.dll (API version 3944462).
LogModuleManager: Display: Found up-to-date module file ../../../Engine/Plugins/Media/ImgMedia/Binaries/Win64/UE4Editor-ImgMediaFactory.dll (API version 3944462).
LogModuleManager: Display: Found up-to-date module file ../../../Engine/Plugins/Media/ImgMedia/Binaries/Win64/UE4Editor-ImgMediaFactory.dll (API version 3944462).
LogModuleManager: Display: Found up-to-date module file ../../../Engine/Plugins/Media/ImgMedia/Binaries/Win64/UE4Editor-OpenExrWrapper.dll (API version 3944462).
LogModuleManager: Display: Found up-to-date module file ../../../Engine/Plugins/Media/LinearTimecode/Binaries/Win64/UE4Editor-LinearTimecode.dll (API version 3944462).
LogModuleManager: Display: Found up-to-date module file ../../../Engine/Plugins/Media/MediaCompositing/Binaries/Win64/UE4Editor-MediaCompositing.dll (API version 3944462).
LogModuleManager: Display: Found up-to-date module file ../../../Engine/Plugins/Media/MediaCompositing/Binaries/Win64/UE4Editor-MediaCompositingEditor.dll (API version 3944462).
LogModuleManager: Display: Found up-to-date module file ../../../Engine/Plugins/Media/MediaPlayerEditor/Binaries/Win64/UE4Editor-MediaPlayerEditor.dll (API version 3944462).
LogModuleManager: Display: Found up-to-date module file ../../../Engine/Plugins/Media/WmfMedia/Binaries/Win64/UE4Editor-WmfMedia.dll (API version 3944462).
LogModuleManager: Display: Found up-to-date module file ../../../Engine/Plugins/Media/WmfMedia/Binaries/Win64/UE4Editor-WmfMediaEditor.dll (API version 3944462).
LogModuleManager: Display: Found up-to-date module file ../../../Engine/Plugins/Media/WmfMedia/Binaries/Win64/UE4Editor-WmfMediaFactory.dll (API version 3944462).
LogModuleManager: Display: Found up-to-date module file ../../../Engine/Plugins/Media/WmfMedia/Binaries/Win64/UE4Editor-WmfMediaFactory.dll (API version 3944462).
LogModuleManager: Display: Found up-to-date module file ../../../Engine/Plugins/Messaging/TcpMessaging/Binaries/Win64/UE4Editor-TcpMessaging.dll (API version 3944462).
LogModuleManager: Display: Found up-to-date module file ../../../Engine/Plugins/Messaging/UdpMessaging/Binaries/Win64/UE4Editor-UdpMessaging.dll (API version 3944462).
LogModuleManager: Display: Found up-to-date module file ../../../Engine/Plugins/MovieScene/ActorSequence/Binaries/Win64/UE4Editor-ActorSequence.dll (API version 3944462).
LogModuleManager: Display: Found up-to-date module file ../../../Engine/Plugins/MovieScene/LevelSequenceEditor/Binaries/Win64/UE4Editor-LevelSequenceEditor.dll (API version 3944462).
LogModuleManager: Display: Found up-to-date module file ../../../Engine/Plugins/MovieScene/MatineeToLevelSequence/Binaries/Win64/UE4Editor-MatineeToLevelSequence.dll (API version 3944462).
LogModuleManager: Display: Found up-to-date module file ../../../Engine/Plugins/NetcodeUnitTest/NetcodeUnitTest/Binaries/Win64/UE4Editor-NetcodeUnitTest.dll (API version 3944462).
LogModuleManager: Display: Found up-to-date module file ../../../Engine/Plugins/NetcodeUnitTest/NUTUnrealEngine4/Binaries/Win64/UE4Editor-NUTUnrealEngine4.dll (API version 3944462).
LogModuleManager: Display: Found up-to-date module file ../../../Engine/Plugins/Online/OnlineSubsystem/Binaries/Win64/UE4Editor-OnlineSubsystem.dll (API version 3944462).
LogModuleManager: Display: Found up-to-date module file ../../../Engine/Plugins/Runtime/AndroidPermission/Binaries/Win64/UE4Editor-AndroidPermission.dll (API version 3944462).
LogModuleManager: Display: Found up-to-date module file ../../../Engine/Plugins/Online/OnlineSubsystemNull/Binaries/Win64/UE4Editor-OnlineSubsystemNull.dll (API version 3944462).
LogModuleManager: Display: Found up-to-date module file ../../../Engine/Plugins/Online/OnlineSubsystemUtils/Binaries/Win64/UE4Editor-OnlineSubsystemUtils.dll (API version 3944462).
LogModuleManager: Display: Found up-to-date module file ../../../Engine/Plugins/Online/OnlineSubsystemUtils/Binaries/Win64/UE4Editor-OnlineBlueprintSupport.dll (API version 3944462).
LogModuleManager: Display: Found up-to-date module file ../../../Engine/Plugins/Runtime/AndroidDeviceProfileSelector/Binaries/Win64/UE4Editor-AndroidDeviceProfileSelector.dll (API version 3944462).
LogModuleManager: Display: Found up-to-date module file ../../../Engine/Plugins/Runtime/AppleARKit/Binaries/Win64/UE4Editor-AppleARKit.dll (API version 3944462).
LogModuleManager: Display: Found up-to-date module file ../../../Engine/Plugins/Runtime/ProceduralMeshComponent/Binaries/Win64/UE4Editor-ProceduralMeshComponent.dll (API version 3944462).
LogModuleManager: Display: Found up-to-date module file ../../../Engine/Plugins/Runtime/ProceduralMeshComponent/Binaries/Win64/UE4Editor-ProceduralMeshComponentEditor.dll (API version 3944462).
LogModuleManager: Display: Found up-to-date module file ../../../Engine/Plugins/Animation/LiveLink/Binaries/Win64/UE4Editor-LiveLink.dll (API version 3944462).
LogModuleManager: Display: Found up-to-date module file ../../../Engine/Plugins/Animation/LiveLink/Binaries/Win64/UE4Editor-LiveLinkEditor.dll (API version 3944462).
LogModuleManager: Display: Found up-to-date module file ../../../Engine/Plugins/Runtime/ArchVisCharacter/Binaries/Win64/UE4Editor-ArchVisCharacter.dll (API version 3944462).
LogModuleManager: Display: Found up-to-date module file ../../../Engine/Plugins/Runtime/AudioCapture/Binaries/Win64/UE4Editor-AudioCapture.dll (API version 3944462).
LogModuleManager: Display: Found up-to-date module file ../../../Engine/Plugins/Runtime/AudioCapture/Binaries/Win64/UE4Editor-AudioCaptureEditor.dll (API version 3944462).
LogModuleManager: Display: Found up-to-date module file ../../../Engine/Plugins/Runtime/CableComponent/Binaries/Win64/UE4Editor-CableComponent.dll (API version 3944462).
LogModuleManager: Display: Found up-to-date module file ../../../Engine/Plugins/Runtime/CustomMeshComponent/Binaries/Win64/UE4Editor-CustomMeshComponent.dll (API version 3944462).
LogModuleManager: Display: Found up-to-date module file ../../../Engine/Plugins/Runtime/ExampleDeviceProfileSelector/Binaries/Win64/UE4Editor-ExampleDeviceProfileSelector.dll (API version 3944462).
LogModuleManager: Display: Found up-to-date module file ../../../Engine/Plugins/Runtime/ImmediatePhysics/Binaries/Win64/UE4Editor-ImmediatePhysics.dll (API version 3944462).
LogModuleManager: Display: Found up-to-date module file ../../../Engine/Plugins/Runtime/ImmediatePhysics/Binaries/Win64/UE4Editor-ImmediatePhysicsEditor.dll (API version 3944462).
LogModuleManager: Display: Found up-to-date module file ../../../Engine/Plugins/Runtime/LocationServicesBPLibrary/Binaries/Win64/UE4Editor-LocationServicesBPLibrary.dll (API version 3944462).
LogModuleManager: Display: Found up-to-date module file ../../../Engine/Plugins/Runtime/MobilePatchingUtils/Binaries/Win64/UE4Editor-MobilePatchingUtils.dll (API version 3944462).
LogModuleManager: Display: Found up-to-date module file ../../../Engine/Plugins/Runtime/Oculus/OculusVR/Binaries/Win64/UE4Editor-OculusHMD.dll (API version 3944462).
LogModuleManager: Display: Found up-to-date module file ../../../Engine/Plugins/Runtime/Oculus/OculusVR/Binaries/Win64/UE4Editor-OculusInput.dll (API version 3944462).
LogModuleManager: Display: Found up-to-date module file ../../../Engine/Plugins/Runtime/Oculus/OculusVR/Binaries/Win64/UE4Editor-OculusEditor.dll (API version 3944462).
LogModuleManager: Display: Found up-to-date module file ../../../Engine/Plugins/Runtime/PhysXVehicles/Binaries/Win64/UE4Editor-PhysXVehicles.dll (API version 3944462).
LogModuleManager: Display: Found up-to-date module file ../../../Engine/Plugins/Runtime/PhysXVehicles/Binaries/Win64/UE4Editor-PhysXVehiclesEditor.dll (API version 3944462).
LogModuleManager: Display: Found up-to-date module file ../../../Engine/Plugins/Runtime/RuntimePhysXCooking/Binaries/Win64/UE4Editor-RuntimePhysXCooking.dll (API version 3944462).
LogModuleManager: Display: Found up-to-date module file ../../../Engine/Plugins/Runtime/Steam/SteamVR/Binaries/Win64/UE4Editor-SteamVR.dll (API version 3944462).
LogModuleManager: Display: Found up-to-date module file ../../../Engine/Plugins/Runtime/Steam/SteamVR/Binaries/Win64/UE4Editor-SteamVRController.dll (API version 3944462).
LogModuleManager: Display: Found up-to-date module file ../../../Engine/Plugins/Runtime/WindowsMoviePlayer/Binaries/Win64/UE4Editor-WindowsMoviePlayer.dll (API version 3944462).
LogPluginManager: Mounting plugin Paper2D
LogPluginManager: Mounting plugin LiveLink
LogPluginManager: Mounting plugin LightPropagationVolume
LogPluginManager: Mounting plugin CLionSourceCodeAccess
LogPluginManager: Mounting plugin CodeLiteSourceCodeAccess
LogPluginManager: Mounting plugin GitSourceControl
LogPluginManager: Mounting plugin KDevelopSourceCodeAccess
LogPluginManager: Mounting plugin NullSourceCodeAccess
LogPluginManager: Mounting plugin PerforceSourceControl
LogPluginManager: Mounting plugin SubversionSourceControl
LogPluginManager: Mounting plugin UObjectPlugin
LogPluginManager: Mounting plugin VisualStudioCodeSourceCodeAccess
LogPluginManager: Mounting plugin VisualStudioSourceCodeAccess
LogPluginManager: Mounting plugin XCodeSourceCodeAccess
LogPluginManager: Mounting plugin AssetManagerEditor
LogPluginManager: Mounting plugin CryptoKeys
LogPluginManager: Mounting plugin DataValidation
LogPluginManager: Mounting plugin FacialAnimation
LogPluginManager: Mounting plugin GameplayTagsEditor
LogPluginManager: Mounting plugin MobileLauncherProfileWizard
LogPluginManager: Mounting plugin PluginBrowser
LogPluginManager: Mounting plugin SpeedTreeImporter
LogPluginManager: Mounting plugin DatasmithContent
LogPluginManager: Mounting plugin AlembicImporter
LogPluginManager: Mounting plugin CharacterAI
LogPluginManager: Mounting plugin HTML5Networking
LogPluginManager: Mounting plugin AndroidMedia
LogPluginManager: Mounting plugin AvfMedia
LogPluginManager: Mounting plugin ImgMedia
LogPluginManager: Mounting plugin LinearTimecode
LogPluginManager: Mounting plugin MediaCompositing
LogPluginManager: Mounting plugin MediaPlayerEditor
LogPluginManager: Mounting plugin WmfMedia
LogPluginManager: Mounting plugin TcpMessaging
LogPluginManager: Mounting plugin UdpMessaging
LogPluginManager: Mounting plugin ActorSequence
LogPluginManager: Mounting plugin LevelSequenceEditor
LogPluginManager: Mounting plugin MatineeToLevelSequence
LogPluginManager: Mounting plugin NetcodeUnitTest
LogPluginManager: Mounting plugin NUTUnrealEngine4
LogPluginManager: Mounting plugin OnlineSubsystemGooglePlay
LogPluginManager: Mounting plugin OnlineSubsystemIOS
LogPluginManager: Mounting plugin OnlineSubsystem
LogPluginManager: Mounting plugin OnlineSubsystemNull
LogPluginManager: Mounting plugin OnlineSubsystemUtils
LogPluginManager: Mounting plugin AndroidDeviceProfileSelector
LogPluginManager: Mounting plugin AndroidMoviePlayer
LogPluginManager: Mounting plugin AndroidPermission
LogPluginManager: Mounting plugin AppleARKit
LogPluginManager: Mounting plugin AppleMoviePlayer
LogPluginManager: Mounting plugin ArchVisCharacter
LogPluginManager: Mounting plugin AudioCapture
LogPluginManager: Mounting plugin CableComponent
LogPluginManager: Mounting plugin CustomMeshComponent
LogPluginManager: Mounting plugin ExampleDeviceProfileSelector
LogPluginManager: Mounting plugin GoogleCloudMessaging
LogPluginManager: Mounting plugin ImmediatePhysics
LogPluginManager: Mounting plugin IOSDeviceProfileSelector
LogPluginManager: Mounting plugin LinuxDeviceProfileSelector
LogPluginManager: Mounting plugin LocationServicesBPLibrary
LogPluginManager: Mounting plugin MobilePatchingUtils
LogPluginManager: Mounting plugin OculusVR
LogPluginManager: Plugin shader directory ../../../Engine/Plugins/Runtime/Oculus/OculusVR/Shaders found
LogPluginManager: Mapping shader source directory ../../../Engine/Plugins/Runtime/Oculus/OculusVR/Shaders to virtual directory /Plugin/OculusVR
LogPluginManager: Mounting plugin PhysXVehicles
LogPluginManager: Mounting plugin ProceduralMeshComponent
LogPluginManager: Mounting plugin RuntimePhysXCooking
LogPluginManager: Mounting plugin SteamVR
LogPluginManager: Mounting plugin WindowsMoviePlayer
LogStreaming: Display: Took  1.869s to configure plugins.
LogInit: Using libcurl 7.47.1
LogInit:  - built for x86_64-pc-win32
LogInit:  - supports SSL with OpenSSL/1.0.2g
LogInit:  - supports HTTP deflate (compression) using libz 1.2.8
LogInit:  - other features:
LogInit:      CURL_VERSION_SSL
LogInit:      CURL_VERSION_LIBZ
LogInit:      CURL_VERSION_IPV6
LogInit:      CURL_VERSION_ASYNCHDNS
LogInit:      CURL_VERSION_LARGEFILE
LogInit:      CURL_VERSION_IDN
LogInit:  CurlRequestOptions (configurable via config and command line):
LogInit:  - bVerifyPeer = false  - Libcurl will NOT verify peer certificate
LogInit:  - bUseHttpProxy = false  - Libcurl will NOT use HTTP proxy
LogInit:  - bDontReuseConnections = false  - Libcurl will reuse connections
LogInit:  - CertBundlePath = nullptr  - Libcurl will use whatever was configured at build time.
LogInit:  - MaxHostConnections = 16  - Libcurl will limit the number of connections to a host
LogInit:  - LocalHostAddr = Default
LogInit: WinSock: version 1.1 (2.2), MaxSocks=32767, MaxUdp=65467
LogInit: WinSock: I am DESKTOP-7A32EGI (172.30.1.36:0)
LogInit: Build: ++UE4+Release-4.19-CL-4033788
LogInit: Engine Version: 4.19.2-4033788+++UE4+Release-4.19
LogInit: Compatible Engine Version: 4.19.0-3944462+++UE4+Release-4.19
LogInit: Net CL: 3944462
LogDevObjectVersion: Number of dev versions registered: 18
LogDevObjectVersion:   Dev-Blueprints (B0D832E4-1F89-4F0D-ACCF-7EB736FD4AA2): 10
LogDevObjectVersion:   Dev-Build (E1C64328-A22C-4D53-A36C-8E866417BD8C): 0
LogDevObjectVersion:   Dev-Core (375EC13C-06E4-48FB-B500-84F0262A717E): 2
LogDevObjectVersion:   Dev-Editor (E4B068ED-F494-42E9-A231-DA0B2E46BB41): 23
LogDevObjectVersion:   Dev-Framework (CFFC743F-43B0-4480-9391-14DF171D2073): 33
LogDevObjectVersion:   Dev-Mobile (B02B49B5-BB20-44E9-A304-32B752E40360): 2
LogDevObjectVersion:   Dev-Networking (A4E4105C-59A1-49B5-A7C5-40C4547EDFEE): 0
LogDevObjectVersion:   Dev-Online (39C831C9-5AE6-47DC-9A44-9C173E1C8E7C): 0
LogDevObjectVersion:   Dev-Physics (78F01B33-EBEA-4F98-B9B4-84EACCB95AA2): 0
LogDevObjectVersion:   Dev-Platform (6631380F-2D4D-43E0-8009-CF276956A95A): 0
LogDevObjectVersion:   Dev-Rendering (12F88B9F-8875-4AFC-A67C-D90C383ABD29): 25
LogDevObjectVersion:   Dev-Sequencer (7B5AE74C-D270-4C10-A958-57980B212A5A): 6
LogDevObjectVersion:   Dev-VR (D7296918-1DD6-4BDD-9DE2-64A83CC13884): 1
LogDevObjectVersion:   Dev-LoadTimes (C2A15278-BFE7-4AFE-6C17-90FF531DF755): 1
LogDevObjectVersion:   Private-Geometry (6EACA3D4-40EC-4CC1-B786-8BED09428FC5): 2
LogDevObjectVersion:   Dev-AnimPhys (29E575DD-E0A3-4627-9D10-D276232CDCEA): 16
LogDevObjectVersion:   Dev-ReflectionCapture (6B266CEC-1EC7-4B8F-A30B-E4D90942FC07): 1
LogDevObjectVersion:   Dev-Automation (0DF73D61-A23F-47EA-B727-89E90C41499A): 1
LogInit: Compiled (64-bit): Apr 27 2018 02:06:57
LogInit: Compiled with Visual C++: 19.00.24215.01
LogInit: Build Configuration: Development
LogInit: Branch Name: ++UE4+Release-4.19
LogInit: Command Line:  
LogInit: Base Directory: C:/Program Files/Epic Games/UE_4.19/Engine/Binaries/Win64/
LogInit: Installed Engine Build: 1
LogStreaming: Display: Took  0.002s to delete old logs.
LogInit: Presizing for max 8388607 objects, including 0 objects not considered by GC, pre-allocating 0 bytes for permanent pool.
LogInit: Object subsystem initialized
[2018.06.28-16.06.14:676][  0]LogInit: Selected Device Profile: [Windows]
[2018.06.28-16.06.14:676][  0]LogInit: Applying CVar settings loaded from the selected device profile: [Windows]
[2018.06.28-16.06.14:745][  0]LogInit: Computer: DESKTOP-7A32EGI
[2018.06.28-16.06.14:745][  0]LogInit: User: kang
[2018.06.28-16.06.14:745][  0]LogInit: CPU Page size=4096, Cores=2
[2018.06.28-16.06.14:745][  0]LogInit: High frequency timer resolution =2.533209 MHz
[2018.06.28-16.06.14:745][  0]LogMemory: Memory total: Physical=7.9GB (8GB approx)
[2018.06.28-16.06.14:745][  0]LogMemory: Platform Memory Stats for Windows
[2018.06.28-16.06.14:745][  0]LogMemory: Process Physical Memory: 273.78 MB used, 273.78 MB peak
[2018.06.28-16.06.14:745][  0]LogMemory: Process Virtual Memory: 266.05 MB used, 266.05 MB peak
[2018.06.28-16.06.14:745][  0]LogMemory: Physical Memory: 3400.47 MB used,  4699.30 MB free, 8099.77 MB total
[2018.06.28-16.06.14:745][  0]LogMemory: Virtual Memory: 4781.94 MB used,  4699.30 MB free, 134217728.00 MB total
[2018.06.28-16.06.14:789][  0]LogInit: Using OS detected language (ko-KR).
[2018.06.28-16.06.14:789][  0]LogInit: Using OS detected locale (ko-KR).
[2018.06.28-16.06.14:878][  0]LogTextLocalizationManager: No specific localization for 'ko-KR' exists, so the 'ko' localization will be used.
[2018.06.28-16.06.15:319][  0]LogStreaming: Display: Took  0.531s to EndInitTextLocalization.
[2018.06.28-16.06.15:319][  0]LogInit: Setting process to per monitor DPI aware
[2018.06.28-16.06.15:479][  0]LogSlate: New Slate User Created.  User Index 0, Is Virtual User: 0
[2018.06.28-16.06.15:479][  0]LogSlate: Slate User Registered.  User Index 0, Is Virtual User: 0
[2018.06.28-16.06.18:941][  0]LogD3D11RHI: D3D11 adapters:
[2018.06.28-16.06.19:189][  0]LogD3D11RHI:    0. 'NVIDIA GeForce 840M' (Feature Level 11_0)
[2018.06.28-16.06.19:189][  0]LogD3D11RHI:       2019/0/4049 MB DedicatedVideo/DedicatedSystem/SharedSystem, Outputs:2, VendorId:0x10de
[2018.06.28-16.06.19:197][  0]LogD3D11RHI:    1. 'Intel(R) HD Graphics 4600' (Feature Level 11_0)
[2018.06.28-16.06.19:197][  0]LogD3D11RHI:       112/0/2048 MB DedicatedVideo/DedicatedSystem/SharedSystem, Outputs:0, VendorId:0x8086
[2018.06.28-16.06.19:200][  0]LogD3D11RHI:    2. 'Microsoft Basic Render Driver' (Feature Level 11_0)
[2018.06.28-16.06.19:201][  0]LogD3D11RHI:       0/0/4049 MB DedicatedVideo/DedicatedSystem/SharedSystem, Outputs:0, VendorId:0x1414
[2018.06.28-16.06.19:201][  0]LogD3D11RHI: Chosen D3D11 Adapter: 0
[2018.06.28-16.06.19:218][  0]LogD3D11RHI: Creating new Direct3DDevice
[2018.06.28-16.06.19:218][  0]LogD3D11RHI:     GPU DeviceId: 0x1341 (for the marketing name, search the web for "GPU Device Id")
[2018.06.28-16.06.19:218][  0]LogWindows: EnumDisplayDevices:
[2018.06.28-16.06.19:218][  0]LogWindows:    0. 'Intel(R) HD Graphics 4600' (P:1 D:1)
[2018.06.28-16.06.19:219][  0]LogWindows:    1. 'Intel(R) HD Graphics 4600' (P:0 D:1)
[2018.06.28-16.06.19:220][  0]LogWindows:    2. 'Intel(R) HD Graphics 4600' (P:0 D:0)
[2018.06.28-16.06.19:220][  0]LogWindows: DebugString: GetVideoDriverDetailsInvalid PrimaryIsNotTheChoosenAdapter GetVideoDriverDetailsInvalid PrimaryIsNotTheChoosenAdapter GetVideoDriverDetailsInvalid PrimaryIsNotTheChoosenAdapter FoundDriverCount:0 
[2018.06.28-16.06.19:220][  0]LogD3D11RHI:     Adapter Name: NVIDIA GeForce 840M
[2018.06.28-16.06.19:220][  0]LogD3D11RHI:   Driver Version: Unknown (internal:Unknown, unified:Unknown)
[2018.06.28-16.06.19:220][  0]LogD3D11RHI:      Driver Date: Unknown
[2018.06.28-16.06.19:220][  0]LogRHI: Texture pool is 1413 MB (70% of 2019 MB)
[2018.06.28-16.06.19:244][  0]LogD3D11RHI: [Aftermath] Aftermath enabled but failed to initialize
[2018.06.28-16.06.19:244][  0]LogD3D11RHI: [Aftermath] Aftermath enabled and primed
[2018.06.28-16.06.19:244][  0]LogD3D11RHI: Async texture creation enabled
[2018.06.28-16.06.19:262][  0]LogD3D11RHI: GPU Timing Frequency: 1000.000000 (Debug: 2 2)
[2018.06.28-16.06.19:264][  0]LogShaderCompilers: Guid format shader working directory is -10 characters bigger than the processId version (../../../../../../Users/kang/Documents/GitHub/ProjectT/Intermediate/Shaders/WorkingDirectory/10176/).
[2018.06.28-16.06.19:264][  0]LogShaderCompilers: Cleaned the shader compiler working directory 'C:/Users/kang/AppData/Local/Temp/UnrealShaderWorkingDir/7EDB9F3F4073BFF923261C985B56D180/'.
[2018.06.28-16.06.19:654][  0]LogTemp: Display: Loaded TP AllDesktopTargetPlatform
[2018.06.28-16.06.19:672][  0]LogTemp: Display: Loaded TP MacClientTargetPlatform
[2018.06.28-16.06.19:690][  0]LogTemp: Display: Loaded TP MacNoEditorTargetPlatform
[2018.06.28-16.06.19:708][  0]LogTemp: Display: Loaded TP MacServerTargetPlatform
[2018.06.28-16.06.19:803][  0]LogTemp: Display: Loaded TP MacTargetPlatform
[2018.06.28-16.06.19:821][  0]LogTemp: Display: Loaded TP WindowsClientTargetPlatform
[2018.06.28-16.06.19:838][  0]LogTemp: Display: Loaded TP WindowsNoEditorTargetPlatform
[2018.06.28-16.06.19:857][  0]LogTemp: Display: Loaded TP WindowsServerTargetPlatform
[2018.06.28-16.06.19:866][  0]LogTemp: Display: Loaded TP WindowsTargetPlatform
[2018.06.28-16.06.19:882][  0]LogTemp: Display: Loaded TP Android_ASTCTargetPlatform
[2018.06.28-16.06.19:897][  0]LogTemp: Display: Loaded TP Android_ATCTargetPlatform
[2018.06.28-16.06.19:913][  0]LogTemp: Display: Loaded TP Android_DXTTargetPlatform
[2018.06.28-16.06.19:929][  0]LogTemp: Display: Loaded TP Android_ETC1aTargetPlatform
[2018.06.28-16.06.19:944][  0]LogTemp: Display: Loaded TP Android_ETC1TargetPlatform
[2018.06.28-16.06.19:960][  0]LogTemp: Display: Loaded TP Android_ETC2TargetPlatform
[2018.06.28-16.06.19:990][  0]LogTemp: Display: Loaded TP Android_MultiTargetPlatform
[2018.06.28-16.06.19:990][  0]LogTemp: Display: Loaded TP Android_PVRTCTargetPlatform
[2018.06.28-16.06.20:048][  0]LogTemp: Display: Loaded TP AndroidTargetPlatform
[2018.06.28-16.06.20:052][  0]LogTemp: Display: Loaded TP HTML5TargetPlatform
[2018.06.28-16.06.20:106][  0]LogTemp: Display: Loaded TP IOSTargetPlatform
[2018.06.28-16.06.20:121][  0]LogTemp: Display: Loaded TP TVOSTargetPlatform
[2018.06.28-16.06.20:136][  0]LogTemp: Display: Loaded TP LinuxClientTargetPlatform
[2018.06.28-16.06.20:152][  0]LogTemp: Display: Loaded TP LinuxNoEditorTargetPlatform
[2018.06.28-16.06.20:168][  0]LogTemp: Display: Loaded TP LinuxServerTargetPlatform
[2018.06.28-16.06.20:196][  0]LogTemp: Display: Loaded TP LinuxTargetPlatform
[2018.06.28-16.06.20:197][  0]LogTargetPlatformManager: Display: Building Assets For Windows
[2018.06.28-16.06.20:395][  0]LogXGEController: Cleaning working directory: C:/Users/kang/AppData/Local/Temp/UnrealXGEWorkingDir/
[2018.06.28-16.06.20:395][  0]LogXGEController: Cannot use XGE Controller as Incredibuild is not installed on this machine.
[2018.06.28-16.06.20:395][  0]LogShaderCompilers: Cannot use XGE Shader Compiler as Incredibuild is not installed on this machine.
[2018.06.28-16.06.20:395][  0]LogShaderCompilers: Display: Using Local Shader Compiler.
[2018.06.28-16.06.24:004][  0]LogDerivedDataCache: Display: Max Cache Size: 512 MB
[2018.06.28-16.06.24:383][  0]LogDerivedDataCache: Loaded boot cache 0.38s 74MB C:/Users/kang/AppData/Local/UnrealEngine/4.19/DerivedDataCache/Boot.ddc.
[2018.06.28-16.06.24:384][  0]LogDerivedDataCache: Display: Loaded Boot cache: C:/Users/kang/AppData/Local/UnrealEngine/4.19/DerivedDataCache/Boot.ddc
[2018.06.28-16.06.24:384][  0]LogDerivedDataCache: FDerivedDataBackendGraph:  Pak pak cache file ../../../../../../Users/kang/Documents/GitHub/ProjectT/DerivedDataCache/DDC.ddp not found, will not use a pak cache.
[2018.06.28-16.06.24:384][  0]LogDerivedDataCache: Unable to find inner node Pak for hierarchical cache Hierarchy.
[2018.06.28-16.06.24:384][  0]LogDerivedDataCache: FDerivedDataBackendGraph:  CompressedPak pak cache file ../../../../../../Users/kang/Documents/GitHub/ProjectT/DerivedDataCache/Compressed.ddp not found, will not use a pak cache.
[2018.06.28-16.06.24:384][  0]LogDerivedDataCache: Unable to find inner node CompressedPak for hierarchical cache Hierarchy.
[2018.06.28-16.06.24:402][  0]LogDerivedDataCache: Display: Pak cache opened for reading ../../../Engine/DerivedDataCache/Compressed.ddp.
[2018.06.28-16.06.24:416][  0]LogDerivedDataCache: Using Local data cache path C:/Users/kang/AppData/Local/UnrealEngine/Common/DerivedDataCache: Writable
[2018.06.28-16.06.24:416][  0]LogDerivedDataCache: Shared data cache path not found in *engine.ini, will not use an Shared cache.
[2018.06.28-16.06.24:416][  0]LogDerivedDataCache: Unable to find inner node Shared for hierarchical cache Hierarchy.
[2018.06.28-16.06.24:429][  0]LogMaterial: Verifying Global Shaders for PCD3D_SM5
[2018.06.28-16.06.24:429][  0]LogSlate: Using Freetype 2.6.0
[2018.06.28-16.06.24:451][  0]LogSlate: SlateFontCache - WITH_FREETYPE: 1, WITH_HARFBUZZ: 1
[2018.06.28-16.06.24:451][  0]LogSlate: SlateFontCache - WITH_FREETYPE: 1, WITH_HARFBUZZ: 1
[2018.06.28-16.06.26:301][  0]LogAssetRegistry: FAssetRegistry took 0.0275 seconds to start up
[2018.06.28-16.06.26:724][  0]LogInit: Selected Device Profile: [Windows]
[2018.06.28-16.06.26:925][  0]LogSimplygon: Simplygon DLL not present - disabling.
[2018.06.28-16.06.26:930][  0]LogMeshReduction: Using SimplygonSwarm for distributed automatic mesh merging
[2018.06.28-16.06.26:930][  0]LogMeshReduction: Using QuadricMeshReduction for automatic static mesh reduction
[2018.06.28-16.06.26:930][  0]LogMeshReduction: No automatic skeletal mesh reduction module available
[2018.06.28-16.06.26:930][  0]LogMeshReduction: No automatic mesh merging module available
[2018.06.28-16.06.26:930][  0]LogMeshMerging: No automatic mesh merging module available
[2018.06.28-16.06.26:983][  0]LogNetVersion: ProjectT , NetCL: 3944462, EngineNetVer: 2, GameNetVer: 0 (Checksum: 3122477835)
[2018.06.28-16.06.27:623][  0]LogPackageLocalizationCache: Processed 9 localized package path(s) for 2 prioritized culture(s) in 0.123233 seconds
[2018.06.28-16.06.27:630][  0]LogUObjectArray: 36728 objects as part of root set at end of initial load.
[2018.06.28-16.06.27:630][  0]LogUObjectAllocator: 7314312 out of 0 bytes used by permanent object pool.
[2018.06.28-16.06.27:630][  0]LogUObjectArray: CloseDisregardForGC: 0/0 objects in disregard for GC pool
[2018.06.28-16.06.52:707][  0]LogTcpMessaging: Initializing TcpMessaging bridge
[2018.06.28-16.06.52:751][  0]LogUdpMessaging: Initializing bridge on interface 0.0.0.0:0 to multicast group 230.0.0.1:6666.
[2018.06.28-16.06.53:295][  0]SourceControl: 소스 콘트롤이 꺼졌습니다.
[2018.06.28-16.06.53:295][  0]SourceControl: 소스 콘트롤이 꺼졌습니다.
[2018.06.28-16.06.53:327][  0]SourceControl: 소스 콘트롤이 꺼졌습니다.
[2018.06.28-16.06.53:356][  0]SourceControl: 소스 콘트롤이 꺼졌습니다.
[2018.06.28-16.06.54:158][  0]LogAndroidPermission: UAndroidPermissionCallbackProxy::GetInstance
[2018.06.28-16.06.54:449][  0]LogOcInput: OculusInput pre-init called
[2018.06.28-16.06.54:660][  0]LogEngine: Initializing Engine...
[2018.06.28-16.06.54:662][  0]LogHMD: Failed to initialize OpenVR with code 110
[2018.06.28-16.06.54:664][  0]LogStats: UGameplayTagsManager::ConstructGameplayTagTree: Construct from data asset -  0.000 s
[2018.06.28-16.06.54:664][  0]LogStats: UGameplayTagsManager::ConstructGameplayTagTree: GameplayTagTreeChangedEvent.Broadcast -  0.000 s
[2018.06.28-16.06.54:976][  0]LogAIModule: Creating AISystem for world Untitled
[2018.06.28-16.06.55:010][  0]LogInit: XAudio2 using '스피커(Realtek High Definition Audio)' : 2 channels at 48 kHz using 32 bits per sample (channel mask 0x3)
[2018.06.28-16.06.55:244][  0]LogInit: FAudioDevice initialized.
[2018.06.28-16.06.55:544][  0]LogDerivedDataCache: Saved boot cache 0.30s 74MB C:/Users/kang/AppData/Local/UnrealEngine/4.19/DerivedDataCache/Boot.ddc.
[2018.06.28-16.06.55:556][  0]LogInit: Texture streaming: Enabled
[2018.06.28-16.06.55:581][  0]LogEngineSessionManager: EngineSessionManager initialized
[2018.06.28-16.06.55:600][  0]LogInit: Transaction tracking system initialized
[2018.06.28-16.06.55:642][  0]BlueprintLog: New page: 에디터 로드
[2018.06.28-16.06.55:766][  0]LocalizationService: 현지화 서비스가 비활성화되었습니다.
[2018.06.28-16.06.56:180][  0]LogConsoleResponse: Display: 
[2018.06.28-16.06.56:536][  0]LogCook: Display: Max memory allowance for cook 16384mb min free memory 0mb
[2018.06.28-16.06.56:536][  0]LogCook: Display: Mobile HDR setting 1
[2018.06.28-16.06.56:536][  0]LogGameplayTags: Display: UGameplayTagsManager::DoneAddingNativeTags. DelegateIsBound: 0
[2018.06.28-16.06.56:536][  0]LogStats: UGameplayTagsManager::ConstructGameplayTagTree: Construct from data asset -  0.000 s
[2018.06.28-16.06.56:536][  0]LogStats: UGameplayTagsManager::ConstructGameplayTagTree: GameplayTagTreeChangedEvent.Broadcast -  0.000 s
[2018.06.28-16.06.56:806][  0]LogFileCache: Scanning file cache for directory 'C:/Users/kang/Documents/GitHub/ProjectT/Content/' took 0.01s
[2018.06.28-16.06.57:205][  0]SourceControl: 소스 콘트롤이 꺼졌습니다.
[2018.06.28-16.06.57:205][  0]Cmd: MAP LOAD FILE="../../../Engine/Content/Maps/Templates/Template_Default.umap" TEMPLATE=1 SHOWPROGRESS=1 FEATURELEVEL=3
[2018.06.28-16.06.57:206][  0]LightingResults: New page: 라이팅 빌드
[2018.06.28-16.06.57:210][  0]MapCheck: New page: 맵 체크
[2018.06.28-16.06.57:210][  0]LightingResults: New page: 라이팅 빌드
[2018.06.28-16.06.57:519][  0]LogAIModule: Creating AISystem for world Untitled_1
[2018.06.28-16.06.57:533][  0]LogEditorServer: Finished looking for orphan Actors (0.000 secs)
[2018.06.28-16.06.57:548][  0]Cmd: MAP CHECKDEP NOCLEARLOG
[2018.06.28-16.06.57:702][  0]MapCheck: 맵 체크 완료: 오류 0 회, 경고 0 회, 소요 시간 153.969ms.
[2018.06.28-16.06.57:702][  0]LogFileHelpers: Loading map 'Template_Default' took 0.497
[2018.06.28-16.06.57:829][  0]LogCollectionManager: Loaded 0 collections in 0.003457 seconds
[2018.06.28-16.06.57:883][  0]LogFileCache: Scanning file cache for directory 'C:/Users/kang/Documents/GitHub/ProjectT/Saved/Collections/' took 0.01s
[2018.06.28-16.06.57:883][  0]LogFileCache: Scanning file cache for directory 'C:/Users/kang/Documents/GitHub/ProjectT/Content/Developers/kang/Collections/' took 0.01s
[2018.06.28-16.06.57:883][  0]LogFileCache: Scanning file cache for directory 'C:/Users/kang/Documents/GitHub/ProjectT/Content/Collections/' took 0.01s
[2018.06.28-16.06.57:883][  0]LogCollectionManager: Rebuilt the GUID cache for 0 collections in 0.000000 seconds
[2018.06.28-16.06.57:893][  0]LogContentBrowser: Native class hierarchy populated in 0.0099 seconds. Added 2452 classes and 558 folders.
[2018.06.28-16.06.57:903][  0]LogContentBrowser: Native class hierarchy updated for 'WidgetCarousel' in 0.0003 seconds. Added 0 classes and 0 folders.
[2018.06.28-16.06.57:974][  0]LogContentBrowser: Native class hierarchy updated for 'AddContentDialog' in 0.0002 seconds. Added 0 classes and 0 folders.
[2018.06.28-16.06.58:041][  0]LogContentBrowser: Native class hierarchy updated for 'SceneOutliner' in 0.0003 seconds. Added 1 classes and 2 folders.
[2018.06.28-16.06.58:057][  0]LogContentBrowser: Native class hierarchy updated for 'WorldBrowser' in 0.0003 seconds. Added 2 classes and 3 folders.
[2018.06.28-16.06.58:133][  0]LogSlate: Took 0.000528 seconds to synchronously load lazily loaded font '../../../Engine/Content/Slate/Fonts/Roboto-Regular.ttf' (155K)
[2018.06.28-16.06.58:138][  0]LogSlate: Took 0.004084 seconds to synchronously load lazily loaded font '../../../Engine/Content/Editor/Slate/Fonts/NanumGothic.ttf' (4243K)
[2018.06.28-16.06.58:144][  0]LogSlate: Took 0.004578 seconds to synchronously load lazily loaded font '../../../Engine/Content/Editor/Slate/Fonts/NanumGothicBold.ttf' (4188K)
[2018.06.28-16.06.58:146][  0]LogSlate: Took 0.001605 seconds to synchronously load lazily loaded font '../../../Engine/Content/Slate/Fonts/Roboto-Bold.ttf' (160K)
[2018.06.28-16.06.58:149][  0]LogSlate: Took 0.000404 seconds to synchronously load lazily loaded font '../../../Engine/Content/Editor/Slate/Fonts/FontAwesome.ttf' (139K)
[2018.06.28-16.06.58:299][  0]LogRenderer: Reallocating scene render targets to support 1024x924 Format 9 NumSamples 1 (Frame:1).
[2018.06.28-16.06.58:709][  0]LogContentBrowser: Native class hierarchy updated for 'HierarchicalLODOutliner' in 0.0003 seconds. Added 0 classes and 0 folders.
[2018.06.28-16.06.58:709][  0]LogLoad: (Engine Initialization) Total time: 47.68 seconds
[2018.06.28-16.06.58:709][  0]LogLoad: (Engine Initialization) Total Blueprint compile time: 0.00 seconds
[2018.06.28-16.06.58:730][  0]LogWindowsTextInputMethodSystem: Display: IME system now activated using TSF (Microsoft 입력기).
[2018.06.28-16.06.58:753][  0]LogContentStreaming: Texture pool size now 600 MB
[2018.06.28-16.06.58:800][  1]LogAssetRegistry: Asset discovery search completed in 32.5213 seconds
[2018.06.28-16.06.58:802][  1]LogCollectionManager: Rebuilt the object cache for 0 collections in 0.000000 seconds (found 0 objects)
[2018.06.28-16.06.58:802][  1]LogCollectionManager: Fixed up redirectors for 0 collections in 0.000075 seconds (updated 0 objects)
[2018.06.28-16.07.01:473][142]LogSlate: FSceneViewport::OnFocusLost() reason 0
[2018.06.28-16.07.01:558][146]LogSlate: Took 0.000466 seconds to synchronously load lazily loaded font '../../../Engine/Content/Slate/Fonts/Roboto-Light.ttf' (167K)
[2018.06.28-16.07.06:595][424]LogTemp: Repeating last play command: 새 에디터 창 (PIE)
[2018.06.28-16.07.06:622][424]LogPlayLevel: PlayLevel: No blueprints needed recompiling
[2018.06.28-16.07.06:623][424]PIE: New page: PIE 세션: Untitled_1 (2018. 6. 29. 오전 10:07:06)
[2018.06.28-16.07.06:623][424]LogPlayLevel: Creating play world package: /Temp/UEDPIE_0_Untitled_1
[2018.06.28-16.07.06:628][424]LogPlayLevel: PIE: StaticDuplicateObject took: (0.004912s)
[2018.06.28-16.07.06:629][424]LogAIModule: Creating AISystem for world Untitled_1
[2018.06.28-16.07.06:630][424]LogPlayLevel: PIE: World Init took: (0.001572s)
[2018.06.28-16.07.06:630][424]LogPlayLevel: PIE: Created PIE world by copying editor world from /Temp/Untitled_1.Untitled_1 to /Temp/UEDPIE_0_Untitled_1.Untitled_1 (0.006840s)
[2018.06.28-16.07.06:695][424]LogInit: XAudio2 using '스피커(Realtek High Definition Audio)' : 2 channels at 48 kHz using 32 bits per sample (channel mask 0x3)
[2018.06.28-16.07.06:741][424]LogInit: FAudioDevice initialized.
[2018.06.28-16.07.06:879][424]LogLoad: Game class is 'GameModeBase'
[2018.06.28-16.07.06:882][424]LogWorld: Bringing World /Temp/UEDPIE_0_Untitled_1.Untitled_1 up for play (max tick rate 60) at 2018.06.29-01.07.06
[2018.06.28-16.07.06:882][424]LogWorld: Bringing up level for play took: 0.001290
[2018.06.28-16.07.06:896][424]LogContentBrowser: Native class hierarchy updated for 'MovieSceneCapture' in 0.0005 seconds. Added 11 classes and 0 folders.
[2018.06.28-16.07.06:910][424]PIE: /Temp/UEDPIE_0_Untitled_1 에 대한 에디터에서 플레이 시작 시간: -0.005
[2018.06.28-16.07.10:418][624]LogSlate: Window 'ProjectT 게임 미리보기 Standalone (64-비트/PCD3D_SM5)' being destroyed
[2018.06.28-16.07.17:743][ 21]LogSlate: Took 0.001438 seconds to synchronously load lazily loaded font '../../../Engine/Content/Slate/Fonts/Roboto-Light.ttf' (167K)
[2018.06.28-16.07.20:939][207]LogSlate: Prevented a slow task dialog from being summoned while a context menu was open
[2018.06.28-16.07.20:959][207]LogUObjectGlobals: Created PersistentFrame Addr=0x0000028b4e82f0e8, Size=56, Default__Test_Character_AB_C Function /Game/PlayerCharacter/Blueprints/Test_Character_AB.Test_Character_AB_C:ExecuteUbergraph_Test_Character_AB
[2018.06.28-16.07.20:963][207]LogUObjectGlobals: Destroyed PersistentFrame Addr=0x0000028b4e82f0e8, Size=56
[2018.06.28-16.07.20:963][207]LogUObjectGlobals: Created PersistentFrame Addr=0x0000028b4e82f0e8, Size=56, Default__Test_Character_AB_C Function /Engine/Transient.REINST_Test_Character_AB_C_0:ExecuteUbergraph_Test_Character_AB
[2018.06.28-16.07.20:967][207]LogUObjectGlobals: Created PersistentFrame Addr=0x0000028b4e82e160, Size=56, Default__Test_Character_AB_C Function /Game/PlayerCharacter/Blueprints/Test_Character_AB.Test_Character_AB_C:ExecuteUbergraph_Test_Character_AB
[2018.06.28-16.07.20:972][207]LogUObjectGlobals: Created PersistentFrame Addr=0x0000028b1e479c60, Size=152, Default__CB_Character_C Function /Game/PlayerCharacter/Blueprints/CB_Character.CB_Character_C:ExecuteUbergraph_CB_Character
[2018.06.28-16.07.20:979][207]LogUObjectGlobals: Destroyed PersistentFrame Addr=0x0000028b1e479c60, Size=152
[2018.06.28-16.07.20:979][207]LogUObjectGlobals: Created PersistentFrame Addr=0x0000028b02cb3100, Size=152, Default__CB_Character_C Function /Engine/Transient.REINST_CB_Character_C_6:ExecuteUbergraph_CB_Character
[2018.06.28-16.07.20:984][207]LogUObjectGlobals: Created PersistentFrame Addr=0x0000028b02cb2160, Size=152, Default__CB_Character_C Function /Game/PlayerCharacter/Blueprints/CB_Character.CB_Character_C:ExecuteUbergraph_CB_Character
[2018.06.28-16.07.21:006][207]LogUObjectGlobals: Created PersistentFrame Addr=0x0000028b4e747c40, Size=152, Default__Test_Character_C Function /Game/PlayerCharacter/Blueprints/CB_Character.CB_Character_C:ExecuteUbergraph_CB_Character
[2018.06.28-16.07.21:009][207]LogUObjectGlobals: Destroyed PersistentFrame Addr=0x0000028b4e747c40, Size=152
[2018.06.28-16.07.21:009][207]LogUObjectGlobals: Created PersistentFrame Addr=0x0000028b4e747600, Size=152, Default__Test_Character_C Function /Game/PlayerCharacter/Blueprints/CB_Character.CB_Character_C:ExecuteUbergraph_CB_Character
[2018.06.28-16.07.21:009][207]LogUObjectGlobals: Created PersistentFrame Addr=0x0000028b4e746d40, Size=152, Default__Test_Character_C Function /Game/PlayerCharacter/Blueprints/CB_Character.CB_Character_C:ExecuteUbergraph_CB_Character
[2018.06.28-16.07.21:018][207]LogUObjectGlobals: Created PersistentFrame Addr=0x0000028b2591b1f0, Size=40, Default__PC_PlayerController_C Function /Game/PlayerGameMode/PC_PlayerController.PC_PlayerController_C:ExecuteUbergraph_PC_PlayerController
[2018.06.28-16.07.21:020][207]LogUObjectGlobals: Destroyed PersistentFrame Addr=0x0000028b2591b1f0, Size=40
[2018.06.28-16.07.21:020][207]LogUObjectGlobals: Created PersistentFrame Addr=0x0000028b2591b1f0, Size=40, Default__PC_PlayerController_C Function /Engine/Transient.REINST_PC_PlayerController_C_9:ExecuteUbergraph_PC_PlayerController
[2018.06.28-16.07.21:022][207]LogUObjectGlobals: Created PersistentFrame Addr=0x0000028b2591ae08, Size=40, Default__PC_PlayerController_C Function /Game/PlayerGameMode/PC_PlayerController.PC_PlayerController_C:ExecuteUbergraph_PC_PlayerController
[2018.06.28-16.07.21:177][207]LogSkeletalMesh: Skeletal Mesh found in DDC [24.390802ms] /Game/PlayerCharacter/Model/TestModel/Great_Sword_Idle.Great_Sword_Idle
[2018.06.28-16.07.26:254][456]LogSlate: Only BGRA pngs, bmps or icos are supported in by External Image Picker
[2018.06.28-16.07.27:210][457]LogTemp: Executing iPhonePackager certificates Engine -bundlename com.YourCompany.ProjectT
[2018.06.28-16.07.27:210][457]LogTemp: CWD: C:\Program Files\Epic Games\UE_4.19\Engine\Binaries\DotNET\IOS
[2018.06.28-16.07.27:210][457]LogTemp: Initial Dir: C:\Program Files\Epic Games\UE_4.19
[2018.06.28-16.07.27:210][457]LogTemp: Env CWD: C:\Program Files\Epic Games\UE_4.19\Engine\Binaries\DotNET\IOS
[2018.06.28-16.07.27:210][457]LogTemp: BranchPath = DESKTOP-7A32EGI/C/Program Files/Epic Games/UE_4.19/Engine/Binaries --- GameBranchPath = DESKTOP-7A32EGI/C/Program Files/Epic Games/UE_4.19/Engine/Binaries
[2018.06.28-16.07.27:222][457]LogTemp: IPP ERROR: Could not find provision directory 'C:\Users\kang\AppData\Local/Apple Computer/MobileDevice/Provisioning Profiles/'.
[2018.06.28-16.07.30:652][623]LogSlate: Prevented a slow task dialog from being summoned while a context menu was open
[2018.06.28-16.07.32:989][750]LogSlate: Window '프로젝트 세팅' being destroyed
[2018.06.28-16.07.32:996][750]LogSlate: Window '프로젝트 세팅' being destroyed
[2018.06.28-16.07.33:791][790]LogTemp: Repeating last play command: 새 에디터 창 (PIE)
[2018.06.28-16.07.33:810][790]LogPlayLevel: PlayLevel: No blueprints needed recompiling
[2018.06.28-16.07.33:810][790]PIE: New page: PIE 세션: Untitled_1 (2018. 6. 29. 오전 10:07:33)
[2018.06.28-16.07.33:810][790]LogPlayLevel: Creating play world package: /Temp/UEDPIE_0_Untitled_1
[2018.06.28-16.07.33:813][790]LogPlayLevel: PIE: StaticDuplicateObject took: (0.002967s)
[2018.06.28-16.07.33:814][790]LogAIModule: Creating AISystem for world Untitled_1
[2018.06.28-16.07.33:814][790]LogPlayLevel: PIE: World Init took: (0.001328s)
[2018.06.28-16.07.33:815][790]LogPlayLevel: PIE: Created PIE world by copying editor world from /Temp/Untitled_1.Untitled_1 to /Temp/UEDPIE_0_Untitled_1.Untitled_1 (0.004533s)
[2018.06.28-16.07.33:830][790]LogUObjectGlobals: Destroyed PersistentFrame Addr=0x0000028b2591b1f0, Size=40
[2018.06.28-16.07.33:830][790]LogUObjectGlobals: Destroyed PersistentFrame Addr=0x0000028b4e747600, Size=152
[2018.06.28-16.07.33:830][790]LogUObjectGlobals: Destroyed PersistentFrame Addr=0x0000028b02cb3100, Size=152
[2018.06.28-16.07.33:830][790]LogUObjectGlobals: Destroyed PersistentFrame Addr=0x0000028b4e82f0e8, Size=56
[2018.06.28-16.07.33:862][790]LogInit: XAudio2 using '스피커(Realtek High Definition Audio)' : 2 channels at 48 kHz using 32 bits per sample (channel mask 0x3)
[2018.06.28-16.07.33:895][790]LogInit: FAudioDevice initialized.
[2018.06.28-16.07.33:972][790]LogLoad: Game class is 'GM_PlayerGameMode_C'
[2018.06.28-16.07.33:974][790]LogWorld: Bringing World /Temp/UEDPIE_0_Untitled_1.Untitled_1 up for play (max tick rate 60) at 2018.06.29-01.07.33
[2018.06.28-16.07.33:975][790]LogWorld: Bringing up level for play took: 0.001123
[2018.06.28-16.07.33:986][790]PIE: /Temp/UEDPIE_0_Untitled_1 에 대한 에디터에서 플레이 시작 시간: 1.07
[2018.06.28-16.07.45:614][475]LogSlate: Window 'ProjectT 게임 미리보기 Standalone (64-비트/PCD3D_SM5)' being destroyed
[2018.06.28-16.08.02:256][285]LogContentBrowser: Native class hierarchy updated for 'BlueprintGraph' in 0.0007 seconds. Added 116 classes and 0 folders.
[2018.06.28-16.08.02:568][285]LogUObjectGlobals: Created PersistentFrame Addr=0x0000028b5798b2e8, Size=4, Default__SKEL_PROTO_BP_AnimBlueprint_0_C Function /Engine/Transient.SKEL_PROTO_BP_AnimBlueprint_0_C:ExecuteUbergraph_PROTO_BP_AnimBlueprint_0
[2018.06.28-16.08.02:569][285]LogUObjectGlobals: Created PersistentFrame Addr=0x0000028b5798b2b0, Size=4, Default__PROTO_BP_AnimBlueprint_0_C Function /Engine/Transient.PROTO_BP_AnimBlueprint_0_C:ExecuteUbergraph_PROTO_BP_AnimBlueprint_0
[2018.06.28-16.08.03:085][285]LogSlate: Took 0.000420 seconds to synchronously load lazily loaded font '../../../Engine/Content/Slate/Fonts/Roboto-BoldCondensed.ttf' (158K)
[2018.06.28-16.08.05:090][367]LogSlate: Took 0.000476 seconds to synchronously load lazily loaded font '../../../Engine/Content/Slate/Fonts/Roboto-Italic.ttf' (157K)
[2018.06.28-16.08.24:401][198]BlueprintLog: New page: CB_Character 컴파일
[2018.06.28-16.08.24:440][198]LogUObjectGlobals: Destroyed PersistentFrame Addr=0x0000028b02cb2160, Size=152
[2018.06.28-16.08.24:440][198]LogUObjectGlobals: Created PersistentFrame Addr=0x0000028b808fea20, Size=152, Default__CB_Character_C Function /Engine/Transient.REINST_CB_Character_C_29:ExecuteUbergraph_CB_Character
[2018.06.28-16.08.24:441][198]LogUObjectGlobals: Destroyed PersistentFrame Addr=0x0000028b4e746d40, Size=152
[2018.06.28-16.08.24:441][198]LogUObjectGlobals: Created PersistentFrame Addr=0x0000028b808fe7a0, Size=152, Default__Test_Character_C Function /Engine/Transient.REINST_CB_Character_C_29:ExecuteUbergraph_CB_Character
[2018.06.28-16.08.24:447][198]LogUObjectGlobals: Created PersistentFrame Addr=0x0000028b808fd620, Size=152, Default__CB_Character_C Function /Game/PlayerCharacter/Blueprints/CB_Character.CB_Character_C:ExecuteUbergraph_CB_Character
[2018.06.28-16.08.24:448][198]LogUObjectGlobals: Created PersistentFrame Addr=0x0000028b80e5b920, Size=152, Default__Test_Character_C Function /Game/PlayerCharacter/Blueprints/CB_Character.CB_Character_C:ExecuteUbergraph_CB_Character
[2018.06.28-16.08.25:312][212]LogTemp: Repeating last play command: 새 에디터 창 (PIE)
[2018.06.28-16.08.25:330][212]LogPlayLevel: PlayLevel: No blueprints needed recompiling
[2018.06.28-16.08.25:330][212]PIE: New page: PIE 세션: Untitled_1 (2018. 6. 29. 오전 10:08:25)
[2018.06.28-16.08.25:330][212]LogPlayLevel: Creating play world package: /Temp/UEDPIE_0_Untitled_1
[2018.06.28-16.08.25:332][212]LogPlayLevel: PIE: StaticDuplicateObject took: (0.002177s)
[2018.06.28-16.08.25:333][212]LogAIModule: Creating AISystem for world Untitled_1
[2018.06.28-16.08.25:334][212]LogPlayLevel: PIE: World Init took: (0.000995s)
[2018.06.28-16.08.25:334][212]LogPlayLevel: PIE: Created PIE world by copying editor world from /Temp/Untitled_1.Untitled_1 to /Temp/UEDPIE_0_Untitled_1.Untitled_1 (0.003373s)
[2018.06.28-16.08.25:355][212]LogUObjectGlobals: Destroyed PersistentFrame Addr=0x0000028b808fe7a0, Size=152
[2018.06.28-16.08.25:378][212]LogInit: XAudio2 using '스피커(Realtek High Definition Audio)' : 2 channels at 48 kHz using 32 bits per sample (channel mask 0x3)
[2018.06.28-16.08.25:403][212]LogInit: FAudioDevice initialized.
[2018.06.28-16.08.25:483][212]LogLoad: Game class is 'GM_PlayerGameMode_C'
[2018.06.28-16.08.25:484][212]LogWorld: Bringing World /Temp/UEDPIE_0_Untitled_1.Untitled_1 up for play (max tick rate 60) at 2018.06.29-01.08.25
[2018.06.28-16.08.25:485][212]LogWorld: Bringing up level for play took: 0.000939
[2018.06.28-16.08.25:498][212]PIE: /Temp/UEDPIE_0_Untitled_1 에 대한 에디터에서 플레이 시작 시간: 0.583
[2018.06.28-16.08.27:845][283]LogSlate: Window 'ProjectT 게임 미리보기 Standalone (64-비트/PCD3D_SM5)' being destroyed
[2018.06.28-16.08.49:898][253]BlueprintLog: New page: CB_Character 컴파일
[2018.06.28-16.08.49:932][253]LogUObjectGlobals: Destroyed PersistentFrame Addr=0x0000028b808fd620, Size=152
[2018.06.28-16.08.49:932][253]LogUObjectGlobals: Created PersistentFrame Addr=0x0000028b83549b20, Size=152, CB_Character_C_41 Function /Engine/Transient.REINST_CB_Character_C_37:ExecuteUbergraph_CB_Character
[2018.06.28-16.08.49:932][253]LogUObjectGlobals: Destroyed PersistentFrame Addr=0x0000028b80e5b920, Size=152
[2018.06.28-16.08.49:932][253]LogUObjectGlobals: Created PersistentFrame Addr=0x0000028b835496c0, Size=152, Default__Test_Character_C Function /Engine/Transient.REINST_CB_Character_C_37:ExecuteUbergraph_CB_Character
[2018.06.28-16.08.49:939][253]LogUObjectGlobals: Created PersistentFrame Addr=0x0000028b80e59800, Size=152, Default__CB_Character_C Function /Game/PlayerCharacter/Blueprints/CB_Character.CB_Character_C:ExecuteUbergraph_CB_Character
[2018.06.28-16.08.49:940][253]LogUObjectGlobals: Created PersistentFrame Addr=0x0000028b80e59c60, Size=152, Default__Test_Character_C Function /Game/PlayerCharacter/Blueprints/CB_Character.CB_Character_C:ExecuteUbergraph_CB_Character
[2018.06.28-16.08.50:718][274]LogTemp: Repeating last play command: 새 에디터 창 (PIE)
[2018.06.28-16.08.50:737][274]LogPlayLevel: PlayLevel: No blueprints needed recompiling
[2018.06.28-16.08.50:738][274]PIE: New page: PIE 세션: Untitled_1 (2018. 6. 29. 오전 10:08:50)
[2018.06.28-16.08.50:738][274]LogPlayLevel: Creating play world package: /Temp/UEDPIE_0_Untitled_1
[2018.06.28-16.08.50:740][274]LogPlayLevel: PIE: StaticDuplicateObject took: (0.002203s)
[2018.06.28-16.08.50:741][274]LogAIModule: Creating AISystem for world Untitled_1
[2018.06.28-16.08.50:742][274]LogPlayLevel: PIE: World Init took: (0.001203s)
[2018.06.28-16.08.50:742][274]LogPlayLevel: PIE: Created PIE world by copying editor world from /Temp/Untitled_1.Untitled_1 to /Temp/UEDPIE_0_Untitled_1.Untitled_1 (0.003616s)
[2018.06.28-16.08.50:760][274]LogUObjectGlobals: Destroyed PersistentFrame Addr=0x0000028b83549b20, Size=152
[2018.06.28-16.08.50:760][274]LogUObjectGlobals: Destroyed PersistentFrame Addr=0x0000028b835496c0, Size=152
[2018.06.28-16.08.50:783][274]LogInit: XAudio2 using '스피커(Realtek High Definition Audio)' : 2 channels at 48 kHz using 32 bits per sample (channel mask 0x3)
[2018.06.28-16.08.50:808][274]LogInit: FAudioDevice initialized.
[2018.06.28-16.08.50:885][274]LogLoad: Game class is 'GM_PlayerGameMode_C'
[2018.06.28-16.08.50:886][274]LogWorld: Bringing World /Temp/UEDPIE_0_Untitled_1.Untitled_1 up for play (max tick rate 60) at 2018.06.29-01.08.50
[2018.06.28-16.08.50:887][274]LogWorld: Bringing up level for play took: 0.000925
[2018.06.28-16.08.50:901][274]PIE: /Temp/UEDPIE_0_Untitled_1 에 대한 에디터에서 플레이 시작 시간: -0.014
[2018.06.28-16.08.59:579][666]LogSlate: Window 'ProjectT 게임 미리보기 Standalone (64-비트/PCD3D_SM5)' being destroyed
[2018.06.28-16.09.17:616][577]BlueprintLog: New page: CB_Character 컴파일
[2018.06.28-16.09.17:646][577]LogUObjectGlobals: Destroyed PersistentFrame Addr=0x0000028b80e59800, Size=152
[2018.06.28-16.09.17:646][577]LogUObjectGlobals: Created PersistentFrame Addr=0x0000028b851d1b20, Size=152, CB_Character_C_58 Function /Engine/Transient.REINST_CB_Character_C_45:ExecuteUbergraph_CB_Character
[2018.06.28-16.09.17:646][577]LogUObjectGlobals: Destroyed PersistentFrame Addr=0x0000028b80e59c60, Size=152
[2018.06.28-16.09.17:646][577]LogUObjectGlobals: Created PersistentFrame Addr=0x0000028b851d18a0, Size=152, Default__Test_Character_C Function /Engine/Transient.REINST_CB_Character_C_45:ExecuteUbergraph_CB_Character
[2018.06.28-16.09.17:652][577]LogUObjectGlobals: Created PersistentFrame Addr=0x0000028b80e584a0, Size=152, Default__CB_Character_C Function /Game/PlayerCharacter/Blueprints/CB_Character.CB_Character_C:ExecuteUbergraph_CB_Character
[2018.06.28-16.09.17:653][577]LogUObjectGlobals: Created PersistentFrame Addr=0x0000028b654e7ec0, Size=152, Default__Test_Character_C Function /Game/PlayerCharacter/Blueprints/CB_Character.CB_Character_C:ExecuteUbergraph_CB_Character
[2018.06.28-16.09.18:639][600]LogTemp: Repeating last play command: 새 에디터 창 (PIE)
[2018.06.28-16.09.18:659][600]LogPlayLevel: PlayLevel: No blueprints needed recompiling
[2018.06.28-16.09.18:659][600]PIE: New page: PIE 세션: Untitled_1 (2018. 6. 29. 오전 10:09:18)
[2018.06.28-16.09.18:660][600]LogPlayLevel: Creating play world package: /Temp/UEDPIE_0_Untitled_1
[2018.06.28-16.09.18:662][600]LogPlayLevel: PIE: StaticDuplicateObject took: (0.002534s)
[2018.06.28-16.09.18:663][600]LogAIModule: Creating AISystem for world Untitled_1
[2018.06.28-16.09.18:663][600]LogPlayLevel: PIE: World Init took: (0.001320s)
[2018.06.28-16.09.18:664][600]LogPlayLevel: PIE: Created PIE world by copying editor world from /Temp/Untitled_1.Untitled_1 to /Temp/UEDPIE_0_Untitled_1.Untitled_1 (0.004037s)
[2018.06.28-16.09.18:705][600]LogInit: XAudio2 using '스피커(Realtek High Definition Audio)' : 2 channels at 48 kHz using 32 bits per sample (channel mask 0x3)
[2018.06.28-16.09.18:730][600]LogInit: FAudioDevice initialized.
[2018.06.28-16.09.18:805][600]LogLoad: Game class is 'GM_PlayerGameMode_C'
[2018.06.28-16.09.18:806][600]LogWorld: Bringing World /Temp/UEDPIE_0_Untitled_1.Untitled_1 up for play (max tick rate 60) at 2018.06.29-01.09.18
[2018.06.28-16.09.18:806][600]LogWorld: Bringing up level for play took: 0.001074
[2018.06.28-16.09.18:818][600]PIE: /Temp/UEDPIE_0_Untitled_1 에 대한 에디터에서 플레이 시작 시간: -0.097
[2018.06.28-16.09.28:048][975]LogSlate: Window 'ProjectT 게임 미리보기 Standalone (64-비트/PCD3D_SM5)' being destroyed
[2018.06.28-16.10.39:869][717]BlueprintLog: New page: CB_Character 컴파일
[2018.06.28-16.10.39:899][717]LogUObjectGlobals: Destroyed PersistentFrame Addr=0x0000028b80e584a0, Size=152
[2018.06.28-16.10.39:899][717]LogUObjectGlobals: Created PersistentFrame Addr=0x0000028b6262a020, Size=152, CB_Character_C_67 Function /Engine/Transient.REINST_CB_Character_C_53:ExecuteUbergraph_CB_Character
[2018.06.28-16.10.39:899][717]LogUObjectGlobals: Destroyed PersistentFrame Addr=0x0000028b654e7ec0, Size=152
[2018.06.28-16.10.39:899][717]LogUObjectGlobals: Created PersistentFrame Addr=0x0000028b6262aac0, Size=152, Test_Character_C_26 Function /Engine/Transient.REINST_CB_Character_C_53:ExecuteUbergraph_CB_Character
[2018.06.28-16.10.39:906][717]LogUObjectGlobals: Created PersistentFrame Addr=0x0000028b6d25e8e0, Size=160, Default__CB_Character_C Function /Game/PlayerCharacter/Blueprints/CB_Character.CB_Character_C:ExecuteUbergraph_CB_Character
[2018.06.28-16.10.39:907][717]LogUObjectGlobals: Created PersistentFrame Addr=0x0000028b6497aa20, Size=160, Default__Test_Character_C Function /Game/PlayerCharacter/Blueprints/CB_Character.CB_Character_C:ExecuteUbergraph_CB_Character
[2018.06.28-16.10.40:893][750]LogTemp: Repeating last play command: 새 에디터 창 (PIE)
[2018.06.28-16.10.40:913][750]LogPlayLevel: PlayLevel: No blueprints needed recompiling
[2018.06.28-16.10.40:913][750]PIE: New page: PIE 세션: Untitled_1 (2018. 6. 29. 오전 10:10:40)
[2018.06.28-16.10.40:913][750]LogPlayLevel: Creating play world package: /Temp/UEDPIE_0_Untitled_1
[2018.06.28-16.10.40:916][750]LogPlayLevel: PIE: StaticDuplicateObject took: (0.003028s)
[2018.06.28-16.10.40:918][750]LogAIModule: Creating AISystem for world Untitled_1
[2018.06.28-16.10.40:918][750]LogPlayLevel: PIE: World Init took: (0.001487s)
[2018.06.28-16.10.40:918][750]LogPlayLevel: PIE: Created PIE world by copying editor world from /Temp/Untitled_1.Untitled_1 to /Temp/UEDPIE_0_Untitled_1.Untitled_1 (0.004773s)
[2018.06.28-16.10.40:943][750]LogUObjectGlobals: Destroyed PersistentFrame Addr=0x0000028b6262aac0, Size=152
[2018.06.28-16.10.40:943][750]LogUObjectGlobals: Destroyed PersistentFrame Addr=0x0000028b6262a020, Size=152
[2018.06.28-16.10.40:970][750]LogInit: XAudio2 using '스피커(Realtek High Definition Audio)' : 2 channels at 48 kHz using 32 bits per sample (channel mask 0x3)
[2018.06.28-16.10.41:001][750]LogInit: FAudioDevice initialized.
[2018.06.28-16.10.41:080][750]LogLoad: Game class is 'GM_PlayerGameMode_C'
[2018.06.28-16.10.41:082][750]LogWorld: Bringing World /Temp/UEDPIE_0_Untitled_1.Untitled_1 up for play (max tick rate 60) at 2018.06.29-01.10.41
[2018.06.28-16.10.41:082][750]LogWorld: Bringing up level for play took: 0.000989
[2018.06.28-16.10.41:096][750]PIE: /Temp/UEDPIE_0_Untitled_1 에 대한 에디터에서 플레이 시작 시간: 0.181
[2018.06.28-16.10.47:083][  7]LogSlate: Window 'ProjectT 게임 미리보기 Standalone (64-비트/PCD3D_SM5)' being destroyed
[2018.06.28-16.10.59:060][617]BlueprintLog: New page: CB_Character 컴파일
[2018.06.28-16.10.59:091][617]LogUObjectGlobals: Destroyed PersistentFrame Addr=0x0000028b6d25e8e0, Size=160
[2018.06.28-16.10.59:091][617]LogUObjectGlobals: Created PersistentFrame Addr=0x0000028b64825260, Size=160, CB_Character_C_76 Function /Engine/Transient.REINST_CB_Character_C_61:ExecuteUbergraph_CB_Character
[2018.06.28-16.10.59:091][617]LogUObjectGlobals: Destroyed PersistentFrame Addr=0x0000028b6497aa20, Size=160
[2018.06.28-16.10.59:091][617]LogUObjectGlobals: Created PersistentFrame Addr=0x0000028b64825440, Size=160, Test_Character_C_27 Function /Engine/Transient.REINST_CB_Character_C_61:ExecuteUbergraph_CB_Character
[2018.06.28-16.10.59:097][617]LogUObjectGlobals: Created PersistentFrame Addr=0x0000028b3f897580, Size=168, Default__CB_Character_C Function /Game/PlayerCharacter/Blueprints/CB_Character.CB_Character_C:ExecuteUbergraph_CB_Character
[2018.06.28-16.10.59:098][617]LogUObjectGlobals: Created PersistentFrame Addr=0x0000028b4e0f6e00, Size=168, Default__Test_Character_C Function /Game/PlayerCharacter/Blueprints/CB_Character.CB_Character_C:ExecuteUbergraph_CB_Character
[2018.06.28-16.10.59:781][633]LogTemp: Repeating last play command: 새 에디터 창 (PIE)
[2018.06.28-16.10.59:801][633]LogPlayLevel: PlayLevel: No blueprints needed recompiling
[2018.06.28-16.10.59:801][633]PIE: New page: PIE 세션: Untitled_1 (2018. 6. 29. 오전 10:10:59)
[2018.06.28-16.10.59:801][633]LogPlayLevel: Creating play world package: /Temp/UEDPIE_0_Untitled_1
[2018.06.28-16.10.59:805][633]LogPlayLevel: PIE: StaticDuplicateObject took: (0.003973s)
[2018.06.28-16.10.59:806][633]LogAIModule: Creating AISystem for world Untitled_1
[2018.06.28-16.10.59:807][633]LogPlayLevel: PIE: World Init took: (0.001339s)
[2018.06.28-16.10.59:807][633]LogPlayLevel: PIE: Created PIE world by copying editor world from /Temp/Untitled_1.Untitled_1 to /Temp/UEDPIE_0_Untitled_1.Untitled_1 (0.005497s)
[2018.06.28-16.10.59:830][633]LogUObjectGlobals: Destroyed PersistentFrame Addr=0x0000028b64825440, Size=160
[2018.06.28-16.10.59:830][633]LogUObjectGlobals: Destroyed PersistentFrame Addr=0x0000028b64825260, Size=160
[2018.06.28-16.10.59:858][633]LogInit: XAudio2 using '스피커(Realtek High Definition Audio)' : 2 channels at 48 kHz using 32 bits per sample (channel mask 0x3)
[2018.06.28-16.10.59:890][633]LogInit: FAudioDevice initialized.
[2018.06.28-16.10.59:977][633]LogLoad: Game class is 'GM_PlayerGameMode_C'
[2018.06.28-16.10.59:978][633]LogWorld: Bringing World /Temp/UEDPIE_0_Untitled_1.Untitled_1 up for play (max tick rate 60) at 2018.06.29-01.10.59
[2018.06.28-16.10.59:979][633]LogWorld: Bringing up level for play took: 0.000945
[2018.06.28-16.10.59:992][633]PIE: /Temp/UEDPIE_0_Untitled_1 에 대한 에디터에서 플레이 시작 시간: 1.077
[2018.06.28-16.11.29:321][983]LogSlate: Window 'ProjectT 게임 미리보기 Standalone (64-비트/PCD3D_SM5)' being destroyed
[2018.06.28-16.14.20:239][877]LogTemp: Repeating last play command: 새 에디터 창 (PIE)
[2018.06.28-16.14.20:262][877]LogPlayLevel: PlayLevel: No blueprints needed recompiling
[2018.06.28-16.14.20:262][877]PIE: New page: PIE 세션: Untitled_1 (2018. 6. 29. 오전 10:14:20)
[2018.06.28-16.14.20:262][877]LogPlayLevel: Creating play world package: /Temp/UEDPIE_0_Untitled_1
[2018.06.28-16.14.20:266][877]LogPlayLevel: PIE: StaticDuplicateObject took: (0.003294s)
[2018.06.28-16.14.20:267][877]LogAIModule: Creating AISystem for world Untitled_1
[2018.06.28-16.14.20:267][877]LogPlayLevel: PIE: World Init took: (0.001412s)
[2018.06.28-16.14.20:267][877]LogPlayLevel: PIE: Created PIE world by copying editor world from /Temp/Untitled_1.Untitled_1 to /Temp/UEDPIE_0_Untitled_1.Untitled_1 (0.004973s)
[2018.06.28-16.14.20:322][877]LogInit: XAudio2 using '스피커(Realtek High Definition Audio)' : 2 channels at 48 kHz using 32 bits per sample (channel mask 0x3)
[2018.06.28-16.14.20:354][877]LogInit: FAudioDevice initialized.
[2018.06.28-16.14.20:445][877]LogLoad: Game class is 'GM_PlayerGameMode_C'
[2018.06.28-16.14.20:447][877]LogWorld: Bringing World /Temp/UEDPIE_0_Untitled_1.Untitled_1 up for play (max tick rate 60) at 2018.06.29-01.14.20
[2018.06.28-16.14.20:447][877]LogWorld: Bringing up level for play took: 0.001196
[2018.06.28-16.14.20:465][877]PIE: /Temp/UEDPIE_0_Untitled_1 에 대한 에디터에서 플레이 시작 시간: -0.45
[2018.06.28-16.14.25:930][179]LogSlate: Window 'ProjectT 게임 미리보기 Standalone (64-비트/PCD3D_SM5)' being destroyed
[2018.06.28-16.14.55:221][325]BlueprintLog: New page: CB_Character 컴파일
[2018.06.28-16.14.55:252][325]LogUObjectGlobals: Destroyed PersistentFrame Addr=0x0000028b3f897580, Size=168
[2018.06.28-16.14.55:252][325]LogUObjectGlobals: Created PersistentFrame Addr=0x0000028b5b678b80, Size=168, CB_Character_C_109 Function /Engine/Transient.REINST_CB_Character_C_69:ExecuteUbergraph_CB_Character
[2018.06.28-16.14.55:253][325]LogUObjectGlobals: Destroyed PersistentFrame Addr=0x0000028b4e0f6e00, Size=168
[2018.06.28-16.14.55:253][325]LogUObjectGlobals: Created PersistentFrame Addr=0x0000028b5b67a800, Size=168, Test_Character_C_45 Function /Engine/Transient.REINST_CB_Character_C_69:ExecuteUbergraph_CB_Character
[2018.06.28-16.14.55:259][325]LogUObjectGlobals: Created PersistentFrame Addr=0x0000028b02ce8b80, Size=168, Default__CB_Character_C Function /Game/PlayerCharacter/Blueprints/CB_Character.CB_Character_C:ExecuteUbergraph_CB_Character
[2018.06.28-16.14.55:261][325]LogUObjectGlobals: Created PersistentFrame Addr=0x0000028b02ce9480, Size=168, Default__Test_Character_C Function /Game/PlayerCharacter/Blueprints/CB_Character.CB_Character_C:ExecuteUbergraph_CB_Character
[2018.06.28-16.14.56:306][357]LogTemp: Repeating last play command: 새 에디터 창 (PIE)
[2018.06.28-16.14.56:324][357]LogPlayLevel: PlayLevel: No blueprints needed recompiling
[2018.06.28-16.14.56:324][357]PIE: New page: PIE 세션: Untitled_1 (2018. 6. 29. 오전 10:14:56)
[2018.06.28-16.14.56:324][357]LogPlayLevel: Creating play world package: /Temp/UEDPIE_0_Untitled_1
[2018.06.28-16.14.56:327][357]LogPlayLevel: PIE: StaticDuplicateObject took: (0.002395s)
[2018.06.28-16.14.56:328][357]LogAIModule: Creating AISystem for world Untitled_1
[2018.06.28-16.14.56:328][357]LogPlayLevel: PIE: World Init took: (0.001101s)
[2018.06.28-16.14.56:328][357]LogPlayLevel: PIE: Created PIE world by copying editor world from /Temp/Untitled_1.Untitled_1 to /Temp/UEDPIE_0_Untitled_1.Untitled_1 (0.003700s)
[2018.06.28-16.14.56:374][357]LogInit: XAudio2 using '스피커(Realtek High Definition Audio)' : 2 channels at 48 kHz using 32 bits per sample (channel mask 0x3)
[2018.06.28-16.14.56:403][357]LogInit: FAudioDevice initialized.
[2018.06.28-16.14.56:474][357]LogLoad: Game class is 'GM_PlayerGameMode_C'
[2018.06.28-16.14.56:476][357]LogWorld: Bringing World /Temp/UEDPIE_0_Untitled_1.Untitled_1 up for play (max tick rate 60) at 2018.06.29-01.14.56
[2018.06.28-16.14.56:476][357]LogWorld: Bringing up level for play took: 0.000962
[2018.06.28-16.14.56:489][357]PIE: /Temp/UEDPIE_0_Untitled_1 에 대한 에디터에서 플레이 시작 시간: -0.426
[2018.06.28-16.14.59:478][468]LogSlate: Window 'ProjectT 게임 미리보기 Standalone (64-비트/PCD3D_SM5)' being destroyed
[2018.06.28-16.17.07:795][303]BlueprintLog: New page: CB_Character 컴파일
[2018.06.28-16.17.07:823][303]LogUObjectGlobals: Destroyed PersistentFrame Addr=0x0000028b02ce8b80, Size=168
[2018.06.28-16.17.07:823][303]LogUObjectGlobals: Created PersistentFrame Addr=0x0000028b5c88e740, Size=168, CB_Character_C_130 Function /Engine/Transient.REINST_CB_Character_C_77:ExecuteUbergraph_CB_Character
[2018.06.28-16.17.07:823][303]LogUObjectGlobals: Destroyed PersistentFrame Addr=0x0000028b02ce9480, Size=168
[2018.06.28-16.17.07:823][303]LogUObjectGlobals: Created PersistentFrame Addr=0x0000028b5c88ebc0, Size=168, Test_Character_C_59 Function /Engine/Transient.REINST_CB_Character_C_77:ExecuteUbergraph_CB_Character
[2018.06.28-16.17.07:829][303]LogUObjectGlobals: Created PersistentFrame Addr=0x0000028b5c88cd00, Size=168, Default__CB_Character_C Function /Game/PlayerCharacter/Blueprints/CB_Character.CB_Character_C:ExecuteUbergraph_CB_Character
[2018.06.28-16.17.07:830][303]LogUObjectGlobals: Created PersistentFrame Addr=0x0000028b5c88fe80, Size=168, Default__Test_Character_C Function /Game/PlayerCharacter/Blueprints/CB_Character.CB_Character_C:ExecuteUbergraph_CB_Character
[2018.06.28-16.17.08:604][321]LogTemp: Repeating last play command: 새 에디터 창 (PIE)
[2018.06.28-16.17.08:630][321]LogPlayLevel: PlayLevel: No blueprints needed recompiling
[2018.06.28-16.17.08:630][321]PIE: New page: PIE 세션: Untitled_1 (2018. 6. 29. 오전 10:17:08)
[2018.06.28-16.17.08:630][321]LogPlayLevel: Creating play world package: /Temp/UEDPIE_0_Untitled_1
[2018.06.28-16.17.08:634][321]LogPlayLevel: PIE: StaticDuplicateObject took: (0.003597s)
[2018.06.28-16.17.08:636][321]LogAIModule: Creating AISystem for world Untitled_1
[2018.06.28-16.17.08:636][321]LogPlayLevel: PIE: World Init took: (0.001991s)
[2018.06.28-16.17.08:636][321]LogPlayLevel: PIE: Created PIE world by copying editor world from /Temp/Untitled_1.Untitled_1 to /Temp/UEDPIE_0_Untitled_1.Untitled_1 (0.005840s)
[2018.06.28-16.17.08:694][321]LogInit: XAudio2 using '스피커(Realtek High Definition Audio)' : 2 channels at 48 kHz using 32 bits per sample (channel mask 0x3)
[2018.06.28-16.17.08:726][321]LogInit: FAudioDevice initialized.
[2018.06.28-16.17.08:818][321]LogLoad: Game class is 'GM_PlayerGameMode_C'
[2018.06.28-16.17.08:822][321]LogWorld: Bringing World /Temp/UEDPIE_0_Untitled_1.Untitled_1 up for play (max tick rate 60) at 2018.06.29-01.17.08
[2018.06.28-16.17.08:822][321]LogWorld: Bringing up level for play took: 0.000994
[2018.06.28-16.17.08:835][321]PIE: /Temp/UEDPIE_0_Untitled_1 에 대한 에디터에서 플레이 시작 시간: -0.081
[2018.06.28-16.17.30:680][196]LogSlate: Window 'ProjectT 게임 미리보기 Standalone (64-비트/PCD3D_SM5)' being destroyed
[2018.06.28-16.17.32:064][239]LogSavePackage: Save=50.31ms
[2018.06.28-16.17.32:064][239]LogSavePackage: Moving '../../../../../../Users/kang/Documents/GitHub/ProjectT/Saved/CB_Character398860B2442CB08899C0FBBDA9D8F5E9.tmp' to '../../../../../../Users/kang/Documents/GitHub/ProjectT/Content/PlayerCharacter/Blueprints/CB_Character.uasset'
[2018.06.28-16.17.32:073][239]LogSavePackage: Display: Finished SavePackage ../../../../../../Users/kang/Documents/GitHub/ProjectT/Content/PlayerCharacter/Blueprints/CB_Character.uasset
[2018.06.28-16.17.44:950][871]LogTemp: Repeating last play command: 새 에디터 창 (PIE)
[2018.06.28-16.17.44:977][871]LogPlayLevel: PlayLevel: No blueprints needed recompiling
[2018.06.28-16.17.44:978][871]PIE: New page: PIE 세션: Untitled_1 (2018. 6. 29. 오전 10:17:44)
[2018.06.28-16.17.44:978][871]LogPlayLevel: Creating play world package: /Temp/UEDPIE_0_Untitled_1
[2018.06.28-16.17.44:982][871]LogPlayLevel: PIE: StaticDuplicateObject took: (0.004619s)
[2018.06.28-16.17.44:983][871]LogAIModule: Creating AISystem for world Untitled_1
[2018.06.28-16.17.44:984][871]LogPlayLevel: PIE: World Init took: (0.001671s)
[2018.06.28-16.17.44:985][871]LogPlayLevel: PIE: Created PIE world by copying editor world from /Temp/Untitled_1.Untitled_1 to /Temp/UEDPIE_0_Untitled_1.Untitled_1 (0.007324s)
[2018.06.28-16.17.45:037][871]LogInit: XAudio2 using '스피커(Realtek High Definition Audio)' : 2 channels at 48 kHz using 32 bits per sample (channel mask 0x3)
[2018.06.28-16.17.45:065][871]LogInit: FAudioDevice initialized.
[2018.06.28-16.17.45:146][871]LogLoad: Game class is 'GM_PlayerGameMode_C'
[2018.06.28-16.17.45:148][871]LogWorld: Bringing World /Temp/UEDPIE_0_Untitled_1.Untitled_1 up for play (max tick rate 60) at 2018.06.29-01.17.45
[2018.06.28-16.17.45:148][871]LogWorld: Bringing up level for play took: 0.001074
[2018.06.28-16.17.45:165][871]PIE: /Temp/UEDPIE_0_Untitled_1 에 대한 에디터에서 플레이 시작 시간: 0.249
[2018.06.28-16.17.55:877][287]LogSlate: Window 'ProjectT 게임 미리보기 Standalone (64-비트/PCD3D_SM5)' being destroyed
[2018.06.28-16.18.03:123][632]LogSlate: Window 'CB_Character' being destroyed
[2018.06.28-16.18.03:128][632]LogSlate: Window 'CB_Character' being destroyed
